<?xml version="1.0" encoding="UTF-8"?>
<testsuite xmlns:xsi="http://www.w3.org/2001/XMLSchema-instance" xsi:noNamespaceSchemaLocation="https://maven.apache.org/surefire/maven-surefire-plugin/xsd/surefire-test-report-3.0.xsd" version="3.0" name="homeworks.homework17.repository.CarRepositoryFileImplTest" time="0.066" tests="8" errors="0" skipped="0" failures="0">
  <properties>
[...]
</properties>
  <testcase name="testFindAll" classname="homeworks.homework17.repository.CarRepositoryFileImplTest" time="0.034">
    <system-out><![CDATA[✓ Загружено: 3 автомобилей
]]></system-out>
  </testcase>
  <testcase name="testCount" classname="homeworks.homework17.repository.CarRepositoryFileImplTest" time="0.002">
    <system-out><![CDATA[✓ Count работает
]]></system-out>
  </testcase>
  <testcase name="testSave" classname="homeworks.homework17.repository.CarRepositoryFileImplTest" time="0.002">
    <system-out><![CDATA[✓ Save работает
]]></system-out>
  </testcase>
  <testcase name="testFindByBrandCaseInsensitive" classname="homeworks.homework17.repository.CarRepositoryFileImplTest" time="0.003">
    <system-out><![CDATA[✓ Поиск без учёта регистра работает
]]></system-out>
  </testcase>
  <testcase name="testFindById" classname="homeworks.homework17.repository.CarRepositoryFileImplTest" time="0.002">
    <system-out><![CDATA[✓ FindById работает
]]></system-out>
  </testcase>
  <testcase name="testFindByBrand" classname="homeworks.homework17.repository.CarRepositoryFileImplTest" time="0.001">
    <system-out><![CDATA[✓ FindByBrand работает
]]></system-out>
  </testcase>
  <testcase name="testIntegration" classname="homeworks.homework17.repository.CarRepositoryFileImplTest" time="0.001">
    <system-out><![CDATA[✓ Интеграционный тест пройден
]]></system-out>
  </testcase>
  <testcase name="testFindByIdInvalid" classname="homeworks.homework17.repository.CarRepositoryFileImplTest" time="0.002">
    <system-out><![CDATA[✓ Несуществующий индекс вернул null
]]></system-out>
  </testcase>
</testsuite>