<?xml version="1.0" encoding="UTF-8"?>
<testsuite xmlns:xsi="http://www.w3.org/2001/XMLSchema-instance" xsi:noNamespaceSchemaLocation="https://maven.apache.org/surefire/maven-surefire-plugin/xsd/surefire-test-report-3.0.xsd" version="3.0" name="homeworks.homework16.model.UserTest" time="0.035" tests="14" errors="0" skipped="0" failures="0">
  <properties>
[...]
</properties>
  <testcase name="testValidLoginWithUnderscoreAndNumbers" classname="homeworks.homework16.model.UserTest" time="0.008">
    <system-out><![CDATA[✓ Тест валидного логина с символами: ПРОЙДЕН
]]></system-out>
  </testcase>
  <testcase name="testInvalidEmptyLogin" classname="homeworks.homework16.model.UserTest" time="0.001">
    <system-out><![CDATA[✓ Тест исключения для пустого логина: ПРОЙДЕН
]]></system-out>
  </testcase>
  <testcase name="testInvalidPasswordOnlyLetters" classname="homeworks.homework16.model.UserTest" time="0.001">
    <system-out><![CDATA[✓ Тест исключения для пароля без цифр: ПРОЙДЕН
]]></system-out>
  </testcase>
  <testcase name="testInvalidNameWithNumbers" classname="homeworks.homework16.model.UserTest" time="0.002">
    <system-out><![CDATA[✓ Тест исключения для имени с цифрами: ПРОЙДЕН
]]></system-out>
  </testcase>
  <testcase name="testValidUserCreation" classname="homeworks.homework16.model.UserTest" time="0">
    <system-out><![CDATA[✓ Тест создания пользователя: ПРОЙДЕН
]]></system-out>
  </testcase>
  <testcase name="testInvalidLoginOnlyNumbers" classname="homeworks.homework16.model.UserTest" time="0.001">
    <system-out><![CDATA[✓ Тест исключения для числового логина: ПРОЙДЕН
]]></system-out>
  </testcase>
  <testcase name="testInvalidLoginWithSpecialChars" classname="homeworks.homework16.model.UserTest" time="0.002">
    <system-out><![CDATA[✓ Тест исключения для логина со спецсимволами: ПРОЙДЕН
]]></system-out>
  </testcase>
  <testcase name="testValidPasswordWithUnderscore" classname="homeworks.homework16.model.UserTest" time="0">
    <system-out><![CDATA[✓ Тест валидного пароля с символами: ПРОЙДЕН
]]></system-out>
  </testcase>
  <testcase name="testEqualsAndHashCode" classname="homeworks.homework16.model.UserTest" time="0.001">
    <system-out><![CDATA[✓ Тест equals и hashCode: ПРОЙДЕН
]]></system-out>
  </testcase>
  <testcase name="testInvalidPasswordMismatch" classname="homeworks.homework16.model.UserTest" time="0.001">
    <system-out><![CDATA[✓ Тест исключения для несовпадающих паролей: ПРОЙДЕН
]]></system-out>
  </testcase>
  <testcase name="testInvalidNegativeAge" classname="homeworks.homework16.model.UserTest" time="0.001">
    <system-out><![CDATA[✓ Тест исключения для отрицательного возраста: ПРОЙДЕН
]]></system-out>
  </testcase>
  <testcase name="testValidUserCreationWithNullValues" classname="homeworks.homework16.model.UserTest" time="0.003">
    <system-out><![CDATA[✓ Тест создания пользователя с null-значениями: ПРОЙДЕН
]]></system-out>
  </testcase>
  <testcase name="testToStringMethod" classname="homeworks.homework16.model.UserTest" time="0.002">
    <system-out><![CDATA[✓ Тест toString: ПРОЙДЕН
  Результат: test-id|2025-10-19T19:23:58.201587700|testlogin|pass123|pass123|Тестов|Тест|Тестович|25|true
]]></system-out>
  </testcase>
  <testcase name="testInvalidLoginTooLong" classname="homeworks.homework16.model.UserTest" time="0.001">
    <system-out><![CDATA[✓ Тест исключения для длинного логина: ПРОЙДЕН
]]></system-out>
  </testcase>
</testsuite>