<?xml version="1.0" encoding="UTF-8"?>
<testsuite xmlns:xsi="http://www.w3.org/2001/XMLSchema-instance" xsi:noNamespaceSchemaLocation="https://maven.apache.org/surefire/maven-surefire-plugin/xsd/surefire-test-report-3.0.xsd" version="3.0" name="homeworks.homework15.AppTest" time="0.108" tests="17" errors="0" skipped="0" failures="0">
  <properties>
[...]
</properties>
  <testcase name="testCreateTestPerson" classname="homeworks.homework15.AppTest" time="0.036">
    <system-out><![CDATA[Тест создания тестового покупателя пройден
]]></system-out>
  </testcase>
  <testcase name="finalAppTestReport" classname="homeworks.homework15.AppTest" time="0.002">
    <system-out><![CDATA[=== ОТЧЕТ ПО ТЕСТИРОВАНИЮ КЛАССА APP ===
Пакет: homeworks.homework06
Класс тестов: homeworks.homework15.AppTest
Общее количество тестов: 16
Тестов createTestProducts(): 2
Тестов createTestPerson(): 5
Тестов makePurchase(): 3
Интеграционных тестов: 2
Граничных тестов: 3
Статус: ВСЕ ТЕСТЫ ПРОЙДЕНЫ
=========================================
]]></system-out>
  </testcase>
  <testcase name="testCreateTestPersonWithZeroMoney" classname="homeworks.homework15.AppTest" time="0.001">
    <system-out><![CDATA[Тест создания покупателя с 0 руб пройден
]]></system-out>
  </testcase>
  <testcase name="testCreateTestPersonBoris" classname="homeworks.homework15.AppTest" time="0.002">
    <system-out><![CDATA[Тест создания покупателя Борис пройден
]]></system-out>
  </testcase>
  <testcase name="testSuccessfulMakePurchase" classname="homeworks.homework15.AppTest" time="0.006">
    <system-out><![CDATA[Покупатель купил Товар
Тест успешной покупки через makePurchase пройден
]]></system-out>
  </testcase>
  <testcase name="testProductsArrayConsistency" classname="homeworks.homework15.AppTest" time="0.001">
    <system-out><![CDATA[Тест неизменности продуктов пройден
]]></system-out>
  </testcase>
  <testcase name="testUnsuccessfulMakePurchase" classname="homeworks.homework15.AppTest" time="0.002">
    <system-out><![CDATA[Бедный покупатель не может позволить себе Дорогой товар
Тест неуспешной покупки через makePurchase пройден
]]></system-out>
  </testcase>
  <testcase name="testCreateTestProducts" classname="homeworks.homework15.AppTest" time="0.002">
    <system-out><![CDATA[Тест создания тестовых продуктов пройден
]]></system-out>
  </testcase>
  <testcase name="testBuyAllTestProducts" classname="homeworks.homework15.AppTest" time="0.001">
    <system-out><![CDATA[Богатый покупатель купил Хлеб
Богатый покупатель купил Молоко
Богатый покупатель купил Торт
Богатый покупатель купил Кофе растворимый
Богатый покупатель купил Масло
Интеграционный тест покупки всех продуктов пройден
]]></system-out>
  </testcase>
  <testcase name="testBuyCheapestProduct" classname="homeworks.homework15.AppTest" time="0.001">
    <system-out><![CDATA[Экономный покупатель купил Хлеб
Тест покупки самого дешевого продукта пройден
]]></system-out>
  </testcase>
  <testcase name="testCreatePersonWithMinimalMoney" classname="homeworks.homework15.AppTest" time="0.002">
    <system-out><![CDATA[Бедняк не может позволить себе Хлеб
Бедняк не может позволить себе Молоко
Бедняк не может позволить себе Торт
Бедняк не может позволить себе Кофе растворимый
Бедняк не может позволить себе Масло
Тест с минимальными деньгами пройден
]]></system-out>
  </testcase>
  <testcase name="testBuyUntilBankrupt" classname="homeworks.homework15.AppTest" time="0.009">
    <system-out><![CDATA[Средний покупатель купил Хлеб
Средний покупатель купил Молоко
Интеграционный тест покупки до исчерпания пройден
Успешных покупок: 2
Остаток денег: 100.0
]]></system-out>
  </testcase>
  <testcase name="testCreateTestPersonAnna" classname="homeworks.homework15.AppTest" time="0.001">
    <system-out><![CDATA[Тест создания покупателя Анна пройден
]]></system-out>
  </testcase>
  <testcase name="getInputLine" classname="homeworks.homework15.AppTest" time="0.001">
    <system-out><![CDATA[Тест запущен
Тест getLineFromScanner пройден
]]></system-out>
  </testcase>
  <testcase name="testBuyMostExpensiveProduct" classname="homeworks.homework15.AppTest" time="0.001">
    <system-out><![CDATA[Средний покупатель не может позволить себе Торт
Тест покупки самого дорогого продукта пройден
]]></system-out>
  </testcase>
  <testcase name="testExactMoneyPurchase" classname="homeworks.homework15.AppTest" time="0.002">
    <system-out><![CDATA[Точный покупатель купил Товар
Тест покупки с точной суммой пройден
]]></system-out>
  </testcase>
  <testcase name="testCreateTestPersonWithHighMoney" classname="homeworks.homework15.AppTest" time="0.002">
    <system-out><![CDATA[Тест создания покупателя с 5000 руб пройден
]]></system-out>
  </testcase>
</testsuite>