<?xml version="1.0" encoding="UTF-8"?>
<testsuite xmlns:xsi="http://www.w3.org/2001/XMLSchema-instance" xsi:noNamespaceSchemaLocation="https://maven.apache.org/surefire/maven-surefire-plugin/xsd/surefire-test-report-3.0.xsd" version="3.0" name="homeworks.homework19_5.TvServiceAopTest" time="0.519" tests="2" errors="0" skipped="0" failures="0">
  <properties>
[...]
</properties>
  <testcase name="create_whenNegativePrice_shouldThrow" classname="homeworks.homework19_5.TvServiceAopTest" time="0.064">
    <system-out><![CDATA[2025-11-08T00:20:25.322+03:00  INFO 12516 --- [           main] t.c.s.AnnotationConfigContextLoaderUtils : Could not detect default configuration classes for test class [homeworks.homework19_5.TvServiceAopTest]: TvServiceAopTest does not declare any static, non-private, non-final, nested classes annotated with @Configuration.
2025-11-08T00:20:25.323+03:00  INFO 12516 --- [           main] .b.t.c.SpringBootTestContextBootstrapper : Found @SpringBootConfiguration homeworks.homework19_5.TvApplication for test class homeworks.homework19_5.TvServiceAopTest

  .   ____          _            __ _ _
 /\\ / ___'_ __ _ _(_)_ __  __ _ \ \ \ \
( ( )\___ | '_ | '_| | '_ \/ _` | \ \ \ \
 \\/  ___)| |_)| | | | | || (_| |  ) ) ) )
  '  |____| .__|_| |_|_| |_\__, | / / / /
 =========|_|==============|___/=/_/_/_/
 :: Spring Boot ::                (v3.2.0)

2025-11-08T00:20:25.345+03:00  INFO 12516 --- [           main] h.homework19_5.TvServiceAopTest          : Starting TvServiceAopTest using Java 21.0.7 with PID 12516 (started by admin in C:\Users\admin\IdeaProjects\MyTestProject)
2025-11-08T00:20:25.345+03:00  INFO 12516 --- [           main] h.homework19_5.TvServiceAopTest          : The following 1 profile is active: "homework19_5"
2025-11-08T00:20:25.449+03:00  INFO 12516 --- [           main] .s.d.r.c.RepositoryConfigurationDelegate : Bootstrapping Spring Data JPA repositories in DEFAULT mode.
2025-11-08T00:20:25.454+03:00  INFO 12516 --- [           main] .s.d.r.c.RepositoryConfigurationDelegate : Finished Spring Data repository scanning in 5 ms. Found 1 JPA repository interface.
2025-11-08T00:20:25.532+03:00  INFO 12516 --- [           main] o.hibernate.jpa.internal.util.LogHelper  : HHH000204: Processing PersistenceUnitInfo [name: default]
2025-11-08T00:20:25.535+03:00  INFO 12516 --- [           main] o.h.c.internal.RegionFactoryInitiator    : HHH000026: Second-level cache disabled
2025-11-08T00:20:25.539+03:00  INFO 12516 --- [           main] o.s.o.j.p.SpringPersistenceUnitInfo      : No LoadTimeWeaver setup: ignoring JPA class transformer
2025-11-08T00:20:25.540+03:00  INFO 12516 --- [           main] com.zaxxer.hikari.HikariDataSource       : HikariPool-2 - Starting...
2025-11-08T00:20:25.541+03:00  INFO 12516 --- [           main] com.zaxxer.hikari.pool.HikariPool        : HikariPool-2 - Added connection conn10: url=jdbc:h2:mem:testdb user=SA
2025-11-08T00:20:25.541+03:00  INFO 12516 --- [           main] com.zaxxer.hikari.HikariDataSource       : HikariPool-2 - Start completed.
2025-11-08T00:20:25.574+03:00  INFO 12516 --- [           main] o.h.e.t.j.p.i.JtaPlatformInitiator       : HHH000489: No JTA platform available (set 'hibernate.transaction.jta.platform' to enable JTA platform integration)
2025-11-08T00:20:25.578+03:00  INFO 12516 --- [           main] j.LocalContainerEntityManagerFactoryBean : Initialized JPA EntityManagerFactory for persistence unit 'default'
2025-11-08T00:20:25.656+03:00  WARN 12516 --- [           main] JpaBaseConfiguration$JpaWebConfiguration : spring.jpa.open-in-view is enabled by default. Therefore, database queries may be performed during view rendering. Explicitly configure spring.jpa.open-in-view to disable this warning
2025-11-08T00:20:25.769+03:00  INFO 12516 --- [           main] h.homework19_5.TvServiceAopTest          : Started TvServiceAopTest in 0.441 seconds (process running for 5.297)
2025-11-08T00:20:25.823+03:00  INFO 12516 --- [           main] h.homework19_5.aop.LoggingAspect         : Enter Television homeworks.homework19_5.service.TelevisionService.create(CreateUpdateTelevisionRequest) args=[CreateUpdateTelevisionRequest[brand=Brand, model=Model, sizeInches=55, resolution=4K, panelType=QLED, smart=true, price=-1, year=2024]]
2025-11-08T00:20:25.824+03:00 ERROR 12516 --- [           main] h.homework19_5.aop.LoggingAspect         : Error in Television homeworks.homework19_5.service.TelevisionService.create(CreateUpdateTelevisionRequest): Price must be positive
]]></system-out>
  </testcase>
  <testcase name="create_whenTooHighPrice_shouldThrow" classname="homeworks.homework19_5.TvServiceAopTest" time="0.002">
    <system-out><![CDATA[2025-11-08T00:20:25.839+03:00  INFO 12516 --- [           main] h.homework19_5.aop.LoggingAspect         : Enter Television homeworks.homework19_5.service.TelevisionService.create(CreateUpdateTelevisionRequest) args=[CreateUpdateTelevisionRequest[brand=Brand, model=Model, sizeInches=55, resolution=4K, panelType=QLED, smart=true, price=2000000, year=2024]]
2025-11-08T00:20:25.839+03:00 ERROR 12516 --- [           main] h.homework19_5.aop.LoggingAspect         : Error in Television homeworks.homework19_5.service.TelevisionService.create(CreateUpdateTelevisionRequest): Price too high
]]></system-out>
  </testcase>
</testsuite>